This is pdfTeX, Version 3.14159265-2.6-1.40.16 (TeX Live 2015) (preloaded format=pdflatex 2016.2.18)  7 MAY 2016 14:01
entering extended mode
 restricted \write18 enabled.
 %&-line parsing enabled.
**thesis.tex
(./thesis.tex
LaTeX2e <2015/01/01>
Babel <3.9l> and hyphenation patterns for 79 languages loaded.
(./aitthesis.cls
Document Class: aitthesis 2006/04/25 Asian Institute of Technology Thesis Class

(/usr/local/texlive/2015/texmf-dist/tex/latex/base/report.cls
Document Class: report 2014/09/29 v1.4h Standard LaTeX document class
(/usr/local/texlive/2015/texmf-dist/tex/latex/base/size12.clo
File: size12.clo 2014/09/29 v1.4h Standard LaTeX file (size option)
)
\c@part=\count79
\c@chapter=\count80
\c@section=\count81
\c@subsection=\count82
\c@subsubsection=\count83
\c@paragraph=\count84
\c@subparagraph=\count85
\c@figure=\count86
\c@table=\count87
\abovecaptionskip=\skip41
\belowcaptionskip=\skip42
\bibindent=\dimen102
)
(./aitfont12.sty)
\descriptionmargin=\dimen103
\c@appendix=\count88
\c@sucount=\count89
\toddhack=\dimen104
\twoem=\dimen105
\zeroem=\dimen106
\fignumbox=\dimen107
 (./aittitle.sty)
\c@lineno=\count90
\c@Lineno=\count91
)
(/usr/local/texlive/2015/texmf-dist/tex/latex/graphics/graphicx.sty
Package: graphicx 2014/10/28 v1.0g Enhanced LaTeX Graphics (DPC,SPQR)

(/usr/local/texlive/2015/texmf-dist/tex/latex/graphics/keyval.sty
Package: keyval 2014/10/28 v1.15 key=value parser (DPC)
\KV@toks@=\toks14
)
(/usr/local/texlive/2015/texmf-dist/tex/latex/graphics/graphics.sty
Package: graphics 2014/10/28 v1.0p Standard LaTeX Graphics (DPC,SPQR)

(/usr/local/texlive/2015/texmf-dist/tex/latex/graphics/trig.sty
Package: trig 1999/03/16 v1.09 sin cos tan (DPC)
)
(/usr/local/texlive/2015/texmf-dist/tex/latex/latexconfig/graphics.cfg
File: graphics.cfg 2010/04/23 v1.9 graphics configuration of TeX Live
)
Package graphics Info: Driver file: pdftex.def on input line 94.

(/usr/local/texlive/2015/texmf-dist/tex/latex/pdftex-def/pdftex.def
File: pdftex.def 2011/05/27 v0.06d Graphics/color for pdfTeX

(/usr/local/texlive/2015/texmf-dist/tex/generic/oberdiek/infwarerr.sty
Package: infwarerr 2010/04/08 v1.3 Providing info/warning/error messages (HO)
)
(/usr/local/texlive/2015/texmf-dist/tex/generic/oberdiek/ltxcmds.sty
Package: ltxcmds 2011/11/09 v1.22 LaTeX kernel commands for general use (HO)
)
\Gread@gobject=\count92
))
\Gin@req@height=\dimen108
\Gin@req@width=\dimen109
)
(/usr/local/texlive/2015/texmf-dist/tex/latex/filecontents/filecontents.sty
Package: filecontents 2011/10/08 v1.3 Create an external file from within a LaT
eX document
)
(/usr/local/texlive/2015/texmf-dist/tex/latex/natbib/natbib.sty
Package: natbib 2010/09/13 8.31b (PWD, AO)
\bibhang=\skip43
\bibsep=\skip44
LaTeX Info: Redefining \cite on input line 694.
\c@NAT@ctr=\count93
)
(/usr/local/texlive/2015/texmf-dist/tex/generic/babel/babel.sty
Package: babel 2014/09/25 3.9l The Babel package

(/usr/local/texlive/2015/texmf-dist/tex/generic/babel-italian/italian.ldf
Language: italian 2015/03/26 v1.3n Italian support from the babel system

(/usr/local/texlive/2015/texmf-dist/tex/generic/babel/babel.def
File: babel.def 2014/09/25 3.9l Babel common definitions
\babel@savecnt=\count94
\U@D=\dimen110
)
\it@lettering=\count95
\it@doublequoteactive=\count96
\it@ISOcompliance=\count97
)
(/usr/local/texlive/2015/texmf-dist/tex/generic/babel-english/english.ldf
Language: english 2012/08/20 v3.3p English support from the babel system
\l@canadian = a dialect from \language\l@american 
\l@australian = a dialect from \language\l@british 
\l@newzealand = a dialect from \language\l@british 
))
(/usr/local/texlive/2015/texmf-dist/tex/latex/etoolbox/etoolbox.sty
Package: etoolbox 2015/05/04 v2.2 e-TeX tools for LaTeX (JAW)
\etb@tempcnta=\count98
)
(/usr/local/texlive/2015/texmf-dist/tex/latex/csquotes/csquotes.sty
Package: csquotes 2015/04/15 v5.1e context-sensitive quotations (JAW)
\csq@reset=\count99
\csq@gtype=\count100
\csq@glevel=\count101
\csq@qlevel=\count102
\csq@maxlvl=\count103
\csq@tshold=\count104
\csq@ltx@everypar=\toks15

(/usr/local/texlive/2015/texmf-dist/tex/latex/csquotes/csquotes.def
File: csquotes.def 2015/04/15 v5.1e csquotes generic definitions (JAW)
)
Package csquotes Info: Trying to load configuration file 'csquotes.cfg'...
Package csquotes Info: ... configuration file loaded successfully.

(/usr/local/texlive/2015/texmf-dist/tex/latex/csquotes/csquotes.cfg
File: csquotes.cfg 
)
Package csquotes Info: Enabling multilingual quotes.
)
(/usr/local/texlive/2015/texmf-dist/tex/latex/base/latexsym.sty
Package: latexsym 1998/08/17 v2.2e Standard LaTeX package (lasy symbols)
\symlasy=\mathgroup4
LaTeX Font Info:    Overwriting symbol font `lasy' in version `bold'
(Font)                  U/lasy/m/n --> U/lasy/b/n on input line 52.
)
(/usr/local/texlive/2015/texmf-dist/tex/latex/amsfonts/amssymb.sty
Package: amssymb 2013/01/14 v3.01 AMS font symbols

(/usr/local/texlive/2015/texmf-dist/tex/latex/amsfonts/amsfonts.sty
Package: amsfonts 2013/01/14 v3.01 Basic AMSFonts support
\@emptytoks=\toks16
\symAMSa=\mathgroup5
\symAMSb=\mathgroup6
LaTeX Font Info:    Overwriting math alphabet `\mathfrak' in version `bold'
(Font)                  U/euf/m/n --> U/euf/b/n on input line 106.
))
(/usr/local/texlive/2015/texmf-dist/tex/latex/amscls/amsthm.sty
Package: amsthm 2015/03/04 v2.20.2
\thm@style=\toks17
\thm@bodyfont=\toks18
\thm@headfont=\toks19
\thm@notefont=\toks20
\thm@headpunct=\toks21
\thm@preskip=\skip45
\thm@postskip=\skip46
\thm@headsep=\skip47
\dth@everypar=\toks22
)
(/usr/local/texlive/2015/texmf-dist/tex/latex/amsmath/amsmath.sty
Package: amsmath 2013/01/14 v2.14 AMS math features
\@mathmargin=\skip48

For additional information on amsmath, use the `?' option.
(/usr/local/texlive/2015/texmf-dist/tex/latex/amsmath/amstext.sty
Package: amstext 2000/06/29 v2.01

(/usr/local/texlive/2015/texmf-dist/tex/latex/amsmath/amsgen.sty
File: amsgen.sty 1999/11/30 v2.0
\@emptytoks=\toks23
\ex@=\dimen111
))
(/usr/local/texlive/2015/texmf-dist/tex/latex/amsmath/amsbsy.sty
Package: amsbsy 1999/11/29 v1.2d
\pmbraise@=\dimen112
)
(/usr/local/texlive/2015/texmf-dist/tex/latex/amsmath/amsopn.sty
Package: amsopn 1999/12/14 v2.01 operator names
)
\inf@bad=\count105
LaTeX Info: Redefining \frac on input line 210.
\uproot@=\count106
\leftroot@=\count107
LaTeX Info: Redefining \overline on input line 306.
\classnum@=\count108
\DOTSCASE@=\count109
LaTeX Info: Redefining \ldots on input line 378.
LaTeX Info: Redefining \dots on input line 381.
LaTeX Info: Redefining \cdots on input line 466.
\Mathstrutbox@=\box26
\strutbox@=\box27
\big@size=\dimen113
LaTeX Font Info:    Redeclaring font encoding OML on input line 566.
LaTeX Font Info:    Redeclaring font encoding OMS on input line 567.
\macc@depth=\count110
\c@MaxMatrixCols=\count111
\dotsspace@=\muskip10
\c@parentequation=\count112
\dspbrk@lvl=\count113
\tag@help=\toks24
\row@=\count114
\column@=\count115
\maxfields@=\count116
\andhelp@=\toks25
\eqnshift@=\dimen114
\alignsep@=\dimen115
\tagshift@=\dimen116
\tagwidth@=\dimen117
\totwidth@=\dimen118
\lineht@=\dimen119
\@envbody=\toks26
\multlinegap=\skip49
\multlinetaggap=\skip50
\mathdisplay@stack=\toks27
LaTeX Info: Redefining \[ on input line 2665.
LaTeX Info: Redefining \] on input line 2666.
)
(/usr/local/texlive/2015/texmf-dist/tex/latex/tools/verbatim.sty
Package: verbatim 2014/10/28 v1.5q LaTeX2e package for verbatim enhancements
\every@verbatim=\toks28
\verbatim@line=\toks29
\verbatim@in@stream=\read1
)
(./multirow.sty
\bigstrutjot=\dimen120
) (/usr/local/texlive/2015/texmf-dist/tex/latex/tools/bm.sty
Package: bm 2014/10/28 v1.1c Bold Symbol Support (DPC/FMi)
\symboldoperators=\mathgroup7
\symboldletters=\mathgroup8
\symboldsymbols=\mathgroup9
\symboldlasy=\mathgroup10
LaTeX Font Info:    Redeclaring math alphabet \mathbf on input line 141.
LaTeX Info: Redefining \bm on input line 207.
)
(/usr/local/texlive/2015/texmf-dist/tex/latex/url/url.sty
\Urlmuskip=\muskip11
Package: url 2013/09/16  ver 3.4  Verb mode for urls, etc.
)
(/usr/local/texlive/2015/texmf-dist/tex/latex/algorithm2e/algorithm2e.sty
Package: algorithm2e 2013/01/06 v5.00 algorithms environments
\c@AlgoLine=\count117

(/usr/local/texlive/2015/texmf-dist/tex/latex/base/ifthen.sty
Package: ifthen 2014/09/29 v1.1c Standard LaTeX ifthen package (DPC)
)
(/usr/local/texlive/2015/texmf-dist/tex/latex/tools/xspace.sty
Package: xspace 2014/10/28 v1.13 Space after command names (DPC,MH)
)
(/usr/local/texlive/2015/texmf-dist/tex/latex/relsize/relsize.sty
Package: relsize 2013/03/29 ver 4.1
)
********************************************************
Package `algorithm2e' Release 5.0 -- january 06 2013 --
- algorithm2e-announce@lirmm.fr mailing list for announcement about releases
- algorithm2e-discussion@lirmm.fr mailing list for discussion about package
subscribe by emailing sympa@lirmm.fr with 'subscribe <list> <firstname name>'
- Author: Christophe Fiorio (cfiorio@um2.fr)
********************************************************
\skiptotal=\skip51
\skiplinenumber=\skip52
\skiprule=\skip53
\skiphlne=\skip54
\skiptext=\skip55
\skiplength=\skip56
\algomargin=\skip57
\skipalgocfslide=\skip58
\algowidth=\dimen121
\inoutsize=\dimen122
\inoutindent=\dimen123
\interspacetitleruled=\dimen124
\interspacealgoruled=\dimen125
\interspacetitleboxruled=\dimen126
\algocf@inoutbox=\box28
\algocf@inputbox=\box29
\AlCapSkip=\skip59
\AlCapHSkip=\skip60
\algoskipindent=\skip61
\algocf@nlbox=\box30
\algocf@hangingbox=\box31
\algocf@untilbox=\box32
\algocf@skipuntil=\skip62
\algocf@capbox=\box33
\algoheightruledefault=\skip63
\algoheightrule=\skip64
\algotitleheightruledefault=\skip65
\algotitleheightrule=\skip66
\c@algocfline=\count118
\c@algocfproc=\count119
\c@algocf=\count120
\algocf@algoframe=\box34
\algocf@algobox=\box35
) (./algcompatible.sty
Package: algcompatible 
 (./algorithmicx.sty
Package: algorithmicx 2005/04/27 v1.2 Algorithmicx

Document Style algorithmicx 1.2 - a greatly improved `algorithmic' style
\c@ALG@line=\count121
\c@ALG@rem=\count122
\c@ALG@nested=\count123
\ALG@tlm=\skip67
\ALG@thistlm=\skip68
\c@ALG@Lnr=\count124
\c@ALG@blocknr=\count125
\c@ALG@storecount=\count126
\c@ALG@tmpcounter=\count127
\ALG@tmplength=\skip69
)
Document Style - algorithmic compatible environments for the `algorithmicx' sty
le
) (./placeins.sty
Package: placeins 2005/04/18  v 2.2
)
(/usr/local/texlive/2015/texmf-dist/tex/latex/psnfss/times.sty
Package: times 2005/04/12 PSNFSS-v9.2a (SPQR) 
)
(/usr/local/texlive/2015/texmf-dist/tex/latex/tools/array.sty
Package: array 2014/10/28 v2.4c Tabular extension package (FMi)
\col@sep=\dimen127
\extrarowheight=\dimen128
\NC@list=\toks30
\extratabsurround=\skip70
\backup@length=\skip71
)
(/usr/local/texlive/2015/texmf-dist/tex/latex/subfig/subfig.sty
Package: subfig 2005/06/28 ver: 1.3 subfig package


Package subfig Warning: Your document class has a bad definition
 of \endfigure, most likely
 \let\endfigure=\end@float
 which has now been changed to
 \def\endfigure{\end@float}
 because otherwise subsequent changes to \end@float
 (like done by several packages changing float behaviour)
 can't take effect on \endfigure.
 Please complain to your document class author.


Package subfig Warning: Your document class has a bad definition
 of \endtable, most likely
 \let\endtable=\end@float
 which has now been changed to
 \def\endtable{\end@float}
 because otherwise subsequent changes to \end@float
 (like done by several packages changing float behaviour)
 can't take effect on \endtable.
 Please complain to your document class author.

(/usr/local/texlive/2015/texmf-dist/tex/latex/caption/caption3.sty
Package: caption3 2013/05/02 v1.6-88 caption3 kernel (AR)
Package caption3 Info: TeX engine: e-TeX on input line 57.
\captionmargin=\dimen129
\captionmargin@=\dimen130
\captionwidth=\dimen131
\caption@tempdima=\dimen132
\caption@indent=\dimen133
\caption@parindent=\dimen134
\caption@hangindent=\dimen135
Package caption Info: Unknown document class (or package),
(caption)             standard defaults will be used.
)
\c@KVtest=\count128
\sf@farskip=\skip72
\sf@captopadj=\dimen136
\sf@capskip=\skip73
\sf@nearskip=\skip74
\c@subfigure=\count129
\c@subfigure@save=\count130
\c@lofdepth=\count131
\c@subtable=\count132
\c@subtable@save=\count133
\c@lotdepth=\count134
\sf@top=\skip75
\sf@bottom=\skip76
)
(/usr/local/texlive/2015/texmf-dist/tex/latex/caption/caption.sty
Package: caption 2013/05/02 v3.3-89 Customizing captions (AR)


Package caption Warning: Unsupported document class (or package) detected,
(caption)                usage of the caption package is not recommended.
See the caption package documentation for explanation.

Package caption Info: \@makecaption = \long macro:#1#2-> \vskip 10pt \setbox \@
tempboxa \hbox {#1 #2} \ifdim \wd \@tempboxa >\hsize \captionspace \setbox \@te
mpboxa \hbox {#1} \hangindent =\wd \@tempboxa \hangafter =0 \setbox \@tempboxa 
\hbox {\llap {#1 }#2} \unhbox \@tempboxa \par \else \hbox to\hsize {\hfil \box 
\@tempboxa \hfil } \fi .

! LaTeX Error: Command \caption@ContinuedFloat already defined.
               Or name \end... illegal, see p.192 of the manual.

See the LaTeX manual or LaTeX Companion for explanation.
Type  H <return>  for immediate help.
 ...                                              
                                                  
l.861     {\caption@Continued@Float{#1}}}
                                         
? 
\c@ContinuedFloat=\count135
)
Package csquotes Info: Checking for multilingual support...
Package csquotes Info: ... found 'babel' package.
 (./thesis.aux (./frontstuff.aux) (./intro.aux) (./literature.aux)
(./methodology.aux) (./results.aux

LaTeX Warning: Label `fig:Siamese' multiply defined.


LaTeX Warning: Label `fig:mfm' multiply defined.


LaTeX Warning: Label `fig:mfm' multiply defined.


LaTeX Warning: Label `fig:mfm' multiply defined.


LaTeX Warning: Label `fig:mfm' multiply defined.


LaTeX Warning: Label `fig:mfm' multiply defined.

) (./conclusion.aux)

! Package natbib Error: Bibliography not compatible with author-year citations.

(natbib)                Press <return> to continue in numerical citation style.


See the natbib package documentation for explanation.
Type  H <return>  for immediate help.
 ...                                              
                                                  
l.28 ...mand\NAT@force@numbers{}\NAT@force@numbers
                                                  
? 
)
\openout1 = `thesis.aux'.

LaTeX Font Info:    Checking defaults for OML/cmm/m/it on input line 50.
LaTeX Font Info:    ... okay on input line 50.
LaTeX Font Info:    Checking defaults for T1/cmr/m/n on input line 50.
LaTeX Font Info:    ... okay on input line 50.
LaTeX Font Info:    Checking defaults for OT1/cmr/m/n on input line 50.
LaTeX Font Info:    ... okay on input line 50.
LaTeX Font Info:    Checking defaults for OMS/cmsy/m/n on input line 50.
LaTeX Font Info:    ... okay on input line 50.
LaTeX Font Info:    Checking defaults for OMX/cmex/m/n on input line 50.
LaTeX Font Info:    ... okay on input line 50.
LaTeX Font Info:    Checking defaults for U/cmr/m/n on input line 50.
LaTeX Font Info:    ... okay on input line 50.
LaTeX Font Info:    Try loading font information for OT1+ptm on input line 50.
 (/usr/local/texlive/2015/texmf-dist/tex/latex/psnfss/ot1ptm.fd
File: ot1ptm.fd 2001/06/04 font definitions for OT1/ptm.
)
(/usr/local/texlive/2015/texmf-dist/tex/context/base/supp-pdf.mkii
[Loading MPS to PDF converter (version 2006.09.02).]
\scratchcounter=\count136
\scratchdimen=\dimen137
\scratchbox=\box36
\nofMPsegments=\count137
\nofMParguments=\count138
\everyMPshowfont=\toks31
\MPscratchCnt=\count139
\MPscratchDim=\dimen138
\MPnumerator=\count140
\makeMPintoPDFobject=\count141
\everyMPtoPDFconversion=\toks32
) (/usr/local/texlive/2015/texmf-dist/tex/generic/oberdiek/pdftexcmds.sty
Package: pdftexcmds 2011/11/29 v0.20 Utility functions of pdfTeX for LuaTeX (HO
)

(/usr/local/texlive/2015/texmf-dist/tex/generic/oberdiek/ifluatex.sty
Package: ifluatex 2010/03/01 v1.3 Provides the ifluatex switch (HO)
Package ifluatex Info: LuaTeX not detected.
)
(/usr/local/texlive/2015/texmf-dist/tex/generic/oberdiek/ifpdf.sty
Package: ifpdf 2011/01/30 v2.3 Provides the ifpdf switch (HO)
Package ifpdf Info: pdfTeX in PDF mode is detected.
)
Package pdftexcmds Info: LuaTeX not detected.
Package pdftexcmds Info: \pdf@primitive is available.
Package pdftexcmds Info: \pdf@ifprimitive is available.
Package pdftexcmds Info: \pdfdraftmode found.
)
(/usr/local/texlive/2015/texmf-dist/tex/latex/oberdiek/epstopdf-base.sty
Package: epstopdf-base 2010/02/09 v2.5 Base part for package epstopdf

(/usr/local/texlive/2015/texmf-dist/tex/latex/oberdiek/grfext.sty
Package: grfext 2010/08/19 v1.1 Manage graphics extensions (HO)

(/usr/local/texlive/2015/texmf-dist/tex/generic/oberdiek/kvdefinekeys.sty
Package: kvdefinekeys 2011/04/07 v1.3 Define keys (HO)
))
(/usr/local/texlive/2015/texmf-dist/tex/latex/oberdiek/kvoptions.sty
Package: kvoptions 2011/06/30 v3.11 Key value format for package options (HO)

(/usr/local/texlive/2015/texmf-dist/tex/generic/oberdiek/kvsetkeys.sty
Package: kvsetkeys 2012/04/25 v1.16 Key value parser (HO)

(/usr/local/texlive/2015/texmf-dist/tex/generic/oberdiek/etexcmds.sty
Package: etexcmds 2011/02/16 v1.5 Avoid name clashes with e-TeX commands (HO)
Package etexcmds Info: Could not find \expanded.
(etexcmds)             That can mean that you are not using pdfTeX 1.50 or
(etexcmds)             that some package has redefined \expanded.
(etexcmds)             In the latter case, load this package earlier.
)))
Package grfext Info: Graphics extension search list:
(grfext)             [.png,.pdf,.jpg,.mps,.jpeg,.jbig2,.jb2,.PNG,.PDF,.JPG,.JPE
G,.JBIG2,.JB2,.eps]
(grfext)             \AppendGraphicsExtensions on input line 452.

(/usr/local/texlive/2015/texmf-dist/tex/latex/latexconfig/epstopdf-sys.cfg
File: epstopdf-sys.cfg 2010/07/13 v1.3 Configuration of (r)epstopdf for TeX Liv
e
))
LaTeX Info: Redefining \it@ocap on input line 50.
LaTeX Info: Redefining \it@ccap on input line 50.


File italian.ldf warning: 
italian.ldf    With OT1 encoding guillemets are poorly faked
italian.ldf    Use T1 encoding
italian.ldf    or specify a font with command \CaporaliFrom
italian.ldf    See the documentation concerning the babel-italian typesetting 
italian.ldf    on input line 50.

Package caption Info: Begin \AtBeginDocument code.
Package caption Info: subfig package v1.3 is loaded.
Package caption Info: End \AtBeginDocument code.
\openout2 = `frontstuff.aux'.

(./frontstuff.tex
LaTeX Font Info:    Font shape `OT1/ptm/bx/n' in size <12> not available
(Font)              Font shape `OT1/ptm/b/n' tried instead on input line 19.
LaTeX Font Info:    Try loading font information for U+lasy on input line 24.
 (/usr/local/texlive/2015/texmf-dist/tex/latex/base/ulasy.fd
File: ulasy.fd 1998/08/17 v2.2e LaTeX symbol font definitions
)
LaTeX Font Info:    Try loading font information for U+msa on input line 24.

(/usr/local/texlive/2015/texmf-dist/tex/latex/amsfonts/umsa.fd
File: umsa.fd 2013/01/14 v3.01 AMS symbols A
)
LaTeX Font Info:    Try loading font information for U+msb on input line 24.

(/usr/local/texlive/2015/texmf-dist/tex/latex/amsfonts/umsb.fd
File: umsb.fd 2013/01/14 v3.01 AMS symbols B
)
LaTeX Font Info:    Font shape `U/lasy/b/n' in size <8> not available
(Font)              Font shape `U/lasy/m/n' tried instead on input line 24.
LaTeX Font Info:    Font shape `U/lasy/b/n' in size <6> not available
(Font)              Font shape `U/lasy/m/n' tried instead on input line 24.
 [1



{/usr/local/texlive/2015/texmf-var/fonts/map/pdftex/updmap/pdftex.map}]
LaTeX Font Info:    Font shape `OT1/ptm/bx/n' in size <14.4> not available
(Font)              Font shape `OT1/ptm/b/n' tried instead on input line 112.
 (./thesis.toc
Underfull \hbox (badness 10000) in paragraph at lines 112--1

 []

[2

])
\tf@toc=\write3
\openout3 = `thesis.toc'.

 [3] (./thesis.lof
Overfull \hbox (6.4375pt too wide) in paragraph at lines 18--18
 [][] []\OT1/ptm/m/n/12 Comparison with other state-of-the-art meth-ods on YTF.
 Ex-tracted 
 []

[4

])
\tf@lof=\write4
\openout4 = `thesis.lof'.

) [5]
\openout2 = `intro.aux'.

 (./intro.tex
\relax \fontsize {14.4}{15}\selectfont {Chapter} 1.

Underfull \hbox (badness 10000) in paragraph at lines 14--15

 []


Underfull \hbox (badness 10000) in paragraph at lines 22--23

 []


Underfull \hbox (badness 10000) in paragraph at lines 24--25

 []


Underfull \hbox (badness 10000) in paragraph at lines 29--30

 []

[1



]
Underfull \hbox (badness 10000) in paragraph at lines 32--33

 []


Underfull \hbox (badness 10000) in paragraph at lines 38--39

 []

<figures/database.png, id=24, 1206.5075pt x 678.535pt>
File: figures/database.png Graphic file (type png)

<use figures/database.png>
Package pdftex.def Info: figures/database.png used on input line 42.
(pdftex.def)             Requested size: 361.95505pt x 203.56207pt.
LaTeX Font Info:    Font shape `OT1/ptm/bx/n' in size <10.95> not available
(Font)              Font shape `OT1/ptm/b/n' tried instead on input line 43.

Underfull \hbox (badness 10000) in paragraph at lines 47--48

 []

[2 <./figures/database.png>]
Underfull \hbox (badness 10000) in paragraph at lines 49--51

 []


Underfull \hbox (badness 10000) in paragraph at lines 63--64

 []


Underfull \hbox (badness 10000) in paragraph at lines 64--65

 []

) [3]
\openout2 = `literature.aux'.

 (./literature.tex
\relax \fontsize {14.4}{15}\selectfont {Chapter} 2.
<figures/lenet.png, id=34, 1114.1625pt x 327.2225pt>
File: figures/lenet.png Graphic file (type png)
 <use figures/lenet.png>
Package pdftex.def Info: figures/lenet.png used on input line 24.
(pdftex.def)             Requested size: 445.6571pt x 130.88667pt.

Overfull \hbox (4.80968pt too wide) in paragraph at lines 24--25
 [][] 
 []


Underfull \hbox (badness 10000) in paragraph at lines 31--33

 []

[4



 <./figures/lenet.png>]
Underfull \hbox (badness 10000) in paragraph at lines 34--35

 []

<figures/conv1.png, id=40, 956.57375pt x 449.68pt>
File: figures/conv1.png Graphic file (type png)
 <use figures/conv1.png>
Package pdftex.def Info: figures/conv1.png used on input line 41.
(pdftex.def)             Requested size: 478.2857pt x 224.83945pt.

Overfull \hbox (37.43828pt too wide) in paragraph at lines 41--42
 [][] 
 []

<figures/conv2.png, id=41, 475.7775pt x 544.0325pt>
File: figures/conv2.png Graphic file (type png)
 <use figures/conv2.png>
Package pdftex.def Info: figures/conv2.png used on input line 51.
(pdftex.def)             Requested size: 285.46869pt x 326.42201pt.

[5 <./figures/conv1.png>] <figures/conv3.png, id=46, 196.735pt x 145.54375pt>
File: figures/conv3.png Graphic file (type png)

<use figures/conv3.png>
Package pdftex.def Info: figures/conv3.png used on input line 60.
(pdftex.def)             Requested size: 196.7345pt x 145.54338pt.
 [6 <./figures/conv2.png>]
<figures/conv4.png, id=51, 913.4125pt x 464.73625pt>
File: figures/conv4.png Graphic file (type png)
 <use figures/conv4.png>
Package pdftex.def Info: figures/conv4.png used on input line 69.
(pdftex.def)             Requested size: 365.35854pt x 185.8912pt.

<figures/conv5.png, id=52, 690.58pt x 221.82875pt>
File: figures/conv5.png Graphic file (type png)
 <use figures/conv5.png>
Package pdftex.def Info: figures/conv5.png used on input line 78.
(pdftex.def)             Requested size: 483.4027pt x 155.27905pt.

Overfull \hbox (42.55527pt too wide) in paragraph at lines 78--79
 [][] 
 []

[7 <./figures/conv3.png> <./figures/conv4.png>]
<figures/siamese.png, id=58, 763.85374pt x 579.16376pt>
File: figures/siamese.png Graphic file (type png)

<use figures/siamese.png>
Package pdftex.def Info: figures/siamese.png used on input line 95.
(pdftex.def)             Requested size: 305.53607pt x 231.66139pt.
 [8 <./figures/conv5.png>]) [9 <./figures/siamese.png>]
\openout2 = `methodology.aux'.

 (./methodology.tex
\relax \fontsize {14.4}{15}\selectfont {Chapter} 3.
<figures/design.png, id=68, 298.11375pt x 887.315pt>
File: figures/design.png Graphic file (type png)
 <use figures/design.png>
Package pdftex.def Info: figures/design.png used on input line 10.
(pdftex.def)             Requested size: 149.0565pt x 443.65642pt.

[10



 <./figures/design.png>]
Underfull \hbox (badness 10000) in paragraph at lines 20--21

 []


Underfull \hbox (badness 10000) in paragraph at lines 21--22

 []


Underfull \hbox (badness 10000) in paragraph at lines 22--23

 []


Underfull \hbox (badness 10000) in paragraph at lines 23--24

 []

<figures/methodology.png, id=73, 379.4175pt x 645.41125pt>
File: figures/methodology.png Graphic file (type png)

<use figures/methodology.png>
Package pdftex.def Info: figures/methodology.png used on input line 32.
(pdftex.def)             Requested size: 265.59042pt x 451.7848pt.
 [11] [12 <./figures/methodology.png>]
Overfull \hbox (29.3747pt too wide) in paragraph at lines 46--54
$[]$ 
 []

<figures/face1.jpg, id=81, 256.96pt x 256.96pt>
File: figures/face1.jpg Graphic file (type jpg)
 <use figures/face1.jpg>
Package pdftex.def Info: figures/face1.jpg used on input line 62.
(pdftex.def)             Requested size: 179.87076pt x 179.87076pt.

<figures/face2.jpg, id=82, 256.96pt x 256.96pt>
File: figures/face2.jpg Graphic file (type jpg)
 <use figures/face2.jpg>
Package pdftex.def Info: figures/face2.jpg used on input line 63.
(pdftex.def)             Requested size: 179.87076pt x 179.87076pt.

[13

 <./figures/face1.jpg> <./figures/face2.jpg>]
Underfull \hbox (badness 10000) in paragraph at lines 100--101

 []

[14]
Underfull \hbox (badness 10000) in paragraph at lines 107--108

 []


Underfull \hbox (badness 10000) in paragraph at lines 112--113

 []


Underfull \hbox (badness 10000) in paragraph at lines 119--120

 []

[15] <figures/logreg.jpg, id=93, 240.9pt x 333.245pt>
File: figures/logreg.jpg Graphic file (type jpg)
 <use figures/logreg.jpg>
Package pdftex.def Info: figures/logreg.jpg used on input line 124.
(pdftex.def)             Requested size: 168.62883pt x 233.2699pt.

<figures/logregfile.png, id=94, 316.18124pt x 581.17125pt>
File: figures/logregfile.png Graphic file (type png)

<use figures/logregfile.png>
Package pdftex.def Info: figures/logregfile.png used on input line 125.
(pdftex.def)             Requested size: 126.47025pt x 232.46437pt.
) [16 <./figures/logreg.jpg> <./figures/logregfile.png>]
\openout2 = `results.aux'.

 (./results.tex
\relax \fontsize {14.4}{15}\selectfont {Chapter} 4.

Overfull \hbox (0.7208pt too wide) in paragraph at lines 15--16
[]\OT1/ptm/m/n/10.95 A Siamese model has been de-signed with Caffe and was trai
ned on the gen-er-ated database
 []

<figures/final_net.png, id=99, 1099.10625pt x 268.00125pt>
File: figures/final_net.png Graphic file (type png)

<use figures/final_net.png>
Package pdftex.def Info: figures/final_net.png used on input line 27.
(pdftex.def)             Requested size: 439.6347pt x 107.1986pt.
 [17



]
<figures/architecture.png, id=103, 742.775pt x 643.40375pt>
File: figures/architecture.png Graphic file (type png)

<use figures/architecture.png>
Package pdftex.def Info: figures/architecture.png used on input line 38.
(pdftex.def)             Requested size: 445.66843pt x 386.04523pt.

Overfull \hbox (4.821pt too wide) in paragraph at lines 38--40
 [][] 
 []

[18 <./figures/final_net.png>]

! LaTeX Error: \begin{document} ended by \end{itemize}.

See the LaTeX manual or LaTeX Companion for explanation.
Type  H <return>  for immediate help.
 ...                                              
                                                  
l.43 \end{itemize}
                  
? 
! Extra \endgroup.
<recently read> \endgroup 
                          
l.43 \end{itemize}
                  
? 
<figures/mfm.png, id=108, 378.41376pt x 177.66376pt>
File: figures/mfm.png Graphic file (type png)
 <use figures/mfm.png>
Package pdftex.def Info: figures/mfm.png used on input line 51.
(pdftex.def)             Requested size: 151.36281pt x 71.06424pt.

[19 <./figures/architecture.png>]

! LaTeX Error: \begin{document} ended by \end{itemize}.

See the LaTeX manual or LaTeX Companion for explanation.
Type  H <return>  for immediate help.
 ...                                              
                                                  
l.56 \end{itemize}
                  
? 
! Extra \endgroup.
<recently read> \endgroup 
                          
l.56 \end{itemize}
                  
? 
! Double superscript.
l.60 Given a convolution layer \(C \in R^h^
                                           w^2^n\), the MFM can be written :
? 
! Double superscript.
l.60 Given a convolution layer \(C \in R^h^w^
                                             2^n\), the MFM can be written :
? 
! Double superscript.
l.60 Given a convolution layer \(C \in R^h^w^2^
                                               n\), the MFM can be written :
? 
<figures/equ.png, id=113, 266.9975pt x 63.23625pt>
File: figures/equ.png Graphic file (type png)
 <use figures/equ.png>
Package pdftex.def Info: figures/equ.png used on input line 64.
(pdftex.def)             Requested size: 106.79709pt x 25.29404pt.


! LaTeX Error: \begin{document} ended by \end{itemize}.

See the LaTeX manual or LaTeX Companion for explanation.
Type  H <return>  for immediate help.
 ...                                              
                                                  
l.68 \end{itemize}
                  
? 
! Extra \endgroup.
<recently read> \endgroup 
                          
l.68 \end{itemize}
                  
? 
<figures/lfw.png, id=114, 751.80875pt x 313.17pt>
File: figures/lfw.png Graphic file (type png)
 <use figures/lfw.png>
Package pdftex.def Info: figures/lfw.png used on input line 82.
(pdftex.def)             Requested size: 451.08871pt x 187.90344pt.

Overfull \hbox (10.24129pt too wide) in paragraph at lines 82--84
 [][] 
 []


! LaTeX Error: \begin{document} ended by \end{itemize}.

See the LaTeX manual or LaTeX Companion for explanation.
Type  H <return>  for immediate help.
 ...                                              
                                                  
l.87 \end{itemize}
                  
? 
! Extra \endgroup.
<recently read> \endgroup 
                          
l.87 \end{itemize}
                  
? 
<figures/ytf.png, id=115, 1043.9pt x 382.42876pt>
File: figures/ytf.png Graphic file (type png)
 <use figures/ytf.png>
Package pdftex.def Info: figures/ytf.png used on input line 92.
(pdftex.def)             Requested size: 313.17241pt x 114.7295pt.

[20 <./figures/mfm.png> <./figures/equ.png> <./figures/lfw.png>]

! LaTeX Error: \begin{document} ended by \end{itemize}.

See the LaTeX manual or LaTeX Companion for explanation.
Type  H <return>  for immediate help.
 ...                                              
                                                  
l.97 \end{itemize}
                  
? 
! Extra \endgroup.
<recently read> \endgroup 
                          
l.97 \end{itemize}
                  
? 
<figures/result.png, id=127, 562.1pt x 421.575pt>
File: figures/result.png Graphic file (type png)
 <use figures/result.png>
Package pdftex.def Info: figures/result.png used on input line 111.
(pdftex.def)             Requested size: 393.46732pt x 295.10048pt.

[21 <./figures/ytf.png>]

! LaTeX Error: \begin{document} ended by \end{itemize}.

See the LaTeX manual or LaTeX Companion for explanation.
Type  H <return>  for immediate help.
 ...                                              
                                                  
l.116 \end{itemize}
                   
? 
! Extra \endgroup.
<recently read> \endgroup 
                          
l.116 \end{itemize}
                   
? 
<figures/result_compared.png, id=132, 562.1pt x 421.575pt>
File: figures/result_compared.png Graphic file (type png)

<use figures/result_compared.png>
Package pdftex.def Info: figures/result_compared.png used on input line 122.
(pdftex.def)             Requested size: 393.46732pt x 295.10048pt.
 [22 <./figures/result.png (PNG copy)>]

! LaTeX Error: \begin{document} ended by \end{itemize}.

See the LaTeX manual or LaTeX Companion for explanation.
Type  H <return>  for immediate help.
 ...                                              
                                                  
l.127 \end{itemize}
                   
? 
! Extra \endgroup.
<recently read> \endgroup 
                          
l.127 \end{itemize}
                   
? 

LaTeX Warning: File `figures/histograms.png' not found on input line 133.


! Package pdftex.def Error: File `figures/histograms.png' not found.

See the pdftex.def package documentation for explanation.
Type  H <return>  for immediate help.
 ...                                              
                                                  
l.133 ...aphics[scale=0.7]{figures/histograms.png}
                                                  
? 
LaTeX Font Info:    Try loading font information for OT1+pcr on input line 133.

(/usr/local/texlive/2015/texmf-dist/tex/latex/psnfss/ot1pcr.fd
File: ot1pcr.fd 2001/06/04 font definitions for OT1/pcr.
)

! LaTeX Error: \begin{document} ended by \end{itemize}.

See the LaTeX manual or LaTeX Companion for explanation.
Type  H <return>  for immediate help.
 ...                                              
                                                  
l.138 \end{itemize}
                   
? 
! Extra \endgroup.
<recently read> \endgroup 
                          
l.138 \end{itemize}
                   
? 
! Misplaced alignment tab character &.
<argument> Face detection &
                            overlapping
l.145 \subsection{Face detection & overlapping}
                                               
? 
! Undefined control sequence.
l.147 \being
            {itemize}
? 
[23 <./figures/result_compared.png>]

! LaTeX Error: Lonely \item--perhaps a missing list environment.

See the LaTeX manual or LaTeX Companion for explanation.
Type  H <return>  for immediate help.
 ...                                              
                                                  
l.148 \item F
             irst, to test the network we needed positive and negative pairs...

? 

! LaTeX Error: Lonely \item--perhaps a missing list environment.

See the LaTeX manual or LaTeX Companion for explanation.
Type  H <return>  for immediate help.
 ...                                              
                                                  
l.149 \item T
             he second point is described in the last section of this chapter.
? 

! LaTeX Error: \begin{document} ended by \end{itemize}.

See the LaTeX manual or LaTeX Companion for explanation.
Type  H <return>  for immediate help.
 ...                                              
                                                  
l.150 \end{itemize}
                   
? 
! Extra \endgroup.
<recently read> \endgroup 
                          
l.150 \end{itemize}
                   
? 
<figures/databaserepresentation.png, id=141, 410.53375pt x 345.29pt>
File: figures/databaserepresentation.png Graphic file (type png)

<use figures/databaserepresentation.png>
Package pdftex.def Info: figures/databaserepresentation.png used on input line 
177.
(pdftex.def)             Requested size: 287.37166pt x 241.70134pt.
 [24]

! LaTeX Error: \begin{document} ended by \end{itemize}.

See the LaTeX manual or LaTeX Companion for explanation.
Type  H <return>  for immediate help.
 ...                                              
                                                  
l.182 \end{itemize}
                   
? 
! Extra \endgroup.
<recently read> \endgroup 
                          
l.182 \end{itemize}
                   
? 
[25 <./figures/databaserepresentation.png>]) [26]
\openout2 = `conclusion.aux'.

 (./conclusion.tex
\relax \fontsize {14.4}{15}\selectfont {Chapter} 5.
) [27



] (./thesis.bbl) [28


] (./thesis.aux (./frontstuff.aux) (./intro.aux)
(./literature.aux) (./methodology.aux) (./results.aux) (./conclusion.aux))

LaTeX Warning: There were multiply-defined labels.

 ) 
Here is how much of TeX's memory you used:
 7868 strings out of 493089
 112297 string characters out of 6134842
 222675 words of memory out of 5000000
 11120 multiletter control sequences out of 15000+600000
 24406 words of font info for 70 fonts, out of 8000000 for 9000
 1141 hyphenation exceptions out of 8191
 38i,19n,39p,1350b,515s stack positions out of 5000i,500n,10000p,200000b,80000s
{/usr/local/texlive/2015/texmf-dist/fonts/enc/dvips/base/8r.enc}</usr/local/t
exlive/2015/texmf-dist/fonts/type1/public/amsfonts/cm/cmmi10.pfb></usr/local/te
xlive/2015/texmf-dist/fonts/type1/public/amsfonts/cm/cmmi8.pfb></usr/local/texl
ive/2015/texmf-dist/fonts/type1/public/amsfonts/cm/cmr10.pfb></usr/local/texliv
e/2015/texmf-dist/fonts/type1/public/amsfonts/cm/cmr8.pfb></usr/local/texlive/2
015/texmf-dist/fonts/type1/public/amsfonts/cm/cmsy10.pfb></usr/local/texlive/20
15/texmf-dist/fonts/type1/urw/courier/ucrr8a.pfb></usr/local/texlive/2015/texmf
-dist/fonts/type1/urw/times/utmb8a.pfb></usr/local/texlive/2015/texmf-dist/font
s/type1/urw/times/utmr8a.pfb></usr/local/texlive/2015/texmf-dist/fonts/type1/ur
w/times/utmri8a.pfb>
Output written on thesis.pdf (33 pages, 7928067 bytes).
PDF statistics:
 191 PDF objects out of 1000 (max. 8388607)
 103 compressed objects within 2 object streams
 0 named destinations out of 1000 (max. 500000)
 116 words of extra memory for PDF output out of 10000 (max. 10000000)

